<?xml version="1.0" encoding="UTF-8"?>
<!-- Generated by org.testng.reporters.JUnitReportReporter -->
<testsuite skipped="0" hostname="A180LHYD" name="testrunner.TestRunner" tests="1" failures="0" timestamp="05 Jan 2021 06:14:49 GMT" time="0.026" errors="0">
  <testcase name="test" time="0.026" classname="testrunner.TestRunner"/>
</testsuite> <!-- testrunner.TestRunner -->
