<?xml version="1.0" encoding="UTF-8"?>
<!-- Generated by org.testng.reporters.JUnitReportReporter -->
<testsuite skipped="0" hostname="A180LHYD" name="testrunner.TestRunner" tests="2" failures="0" timestamp="05 Jan 2021 07:02:30 GMT" time="17.058" errors="0">
  <testcase name="pageSetup" time="0.327" classname="testrunner.TestRunner"/>
  <testcase name="navigateToContactPage" time="16.731" classname="testrunner.TestRunner"/>
</testsuite> <!-- testrunner.TestRunner -->
